Starting duckdb_fdw installation: Thursday 21 November 2024 11:09:10 AM IST
Updating system and installing dependencies...
Ign:1 cdrom://Ubuntu 22.04.1 LTS _Jammy Jellyfish_ - Release amd64 (20220809.1) jammy InRelease
Err:2 cdrom://Ubuntu 22.04.1 LTS _Jammy Jellyfish_ - Release amd64 (20220809.1) jammy Release
  Please use apt-cdrom to make this CD-ROM recognized by APT. apt-get update cannot be used to add new CD-ROMs
Ign:3 https://pkg.jenkins.io/debian-stable binary/ InRelease
Hit:5 https://packages.microsoft.com/repos/code stable InRelease
Get:4 https://pkg.jenkins.io/debian-stable binary/ Release [2,044 B]
Get:6 https://pkg.jenkins.io/debian-stable binary/ Release.gpg [833 B]
Hit:7 https://dl.google.com/linux/chrome/deb stable InRelease
Hit:8 http://in.archive.ubuntu.com/ubuntu jammy InRelease
Get:9 http://in.archive.ubuntu.com/ubuntu jammy-updates InRelease [128 kB]
Hit:10 http://apt.postgresql.org/pub/repos/apt jammy-pgdg InRelease
Get:11 http://security.ubuntu.com/ubuntu jammy-security InRelease [129 kB]
Err:6 https://pkg.jenkins.io/debian-stable binary/ Release.gpg
  The following signatures couldn't be verified because the public key is not available: NO_PUBKEY 5BA31D57EF5975CA
Hit:12 http://in.archive.ubuntu.com/ubuntu jammy-backports InRelease
Hit:13 https://ftp.postgresql.org/pub/pgadmin/pgadmin4/apt/jammy pgadmin4 InRelease
Reading package lists...
E: The repository 'cdrom://Ubuntu 22.04.1 LTS _Jammy Jellyfish_ - Release amd64 (20220809.1) jammy Release' does not have a Release file.
W: An error occurred during the signature verification. The repository is not updated and the previous index files will be used. GPG error: https://pkg.jenkins.io/debian-stable binary/ Release: The following signatures couldn't be verified because the public key is not available: NO_PUBKEY 5BA31D57EF5975CA
Reading package lists...
Building dependency tree...
Reading state information...
build-essential is already the newest version (12.9ubuntu3).
cmake is already the newest version (3.22.1-1ubuntu1.22.04.2).
The following additional packages will be installed:
  libio-pty-perl libipc-run-perl postgresql-client-common postgresql-common
Suggested packages:
  postgresql-doc-16
The following NEW packages will be installed:
  libio-pty-perl libipc-run-perl postgresql-16 postgresql-client-16
  postgresql-client-common postgresql-common postgresql-server-dev-16
0 upgraded, 7 newly installed, 0 to remove and 361 not upgraded.
Preconfiguring packages ...
Need to get 0 B/21.7 MB of archives.
After this operation, 77.7 MB of additional disk space will be used.
Selecting previously unselected package libio-pty-perl.
(Reading database ... 
(Reading database ... 5%
(Reading database ... 10%
(Reading database ... 15%
(Reading database ... 20%
(Reading database ... 25%
(Reading database ... 30%
(Reading database ... 35%
(Reading database ... 40%
(Reading database ... 45%
(Reading database ... 50%
(Reading database ... 55%
(Reading database ... 60%
(Reading database ... 65%
(Reading database ... 70%
(Reading database ... 75%
(Reading database ... 80%
(Reading database ... 85%
(Reading database ... 90%
(Reading database ... 95%
(Reading database ... 100%
(Reading database ... 246421 files and directories currently installed.)
Preparing to unpack .../0-libio-pty-perl_1%3a1.15-2build2_amd64.deb ...
Unpacking libio-pty-perl (1:1.15-2build2) ...
Selecting previously unselected package libipc-run-perl.
Preparing to unpack .../1-libipc-run-perl_20200505.0-1_all.deb ...
Unpacking libipc-run-perl (20200505.0-1) ...
Selecting previously unselected package postgresql-client-common.
Preparing to unpack .../2-postgresql-client-common_266.pgdg22.04+1_all.deb ...
Unpacking postgresql-client-common (266.pgdg22.04+1) ...
Selecting previously unselected package postgresql-common.
Preparing to unpack .../3-postgresql-common_266.pgdg22.04+1_all.deb ...
Adding 'diversion of /usr/bin/pg_config to /usr/bin/pg_config.libpq-dev by postgresql-common'
Unpacking postgresql-common (266.pgdg22.04+1) ...
Selecting previously unselected package postgresql-client-16.
Preparing to unpack .../4-postgresql-client-16_16.5-1.pgdg22.04+1_amd64.deb ...
Unpacking postgresql-client-16 (16.5-1.pgdg22.04+1) ...
Selecting previously unselected package postgresql-16.
Preparing to unpack .../5-postgresql-16_16.5-1.pgdg22.04+1_amd64.deb ...
Unpacking postgresql-16 (16.5-1.pgdg22.04+1) ...
Selecting previously unselected package postgresql-server-dev-16.
Preparing to unpack .../6-postgresql-server-dev-16_16.5-1.pgdg22.04+1_amd64.deb ...
Unpacking postgresql-server-dev-16 (16.5-1.pgdg22.04+1) ...
Setting up libio-pty-perl (1:1.15-2build2) ...
Setting up libipc-run-perl (20200505.0-1) ...
Setting up postgresql-client-common (266.pgdg22.04+1) ...
Setting up postgresql-client-16 (16.5-1.pgdg22.04+1) ...
update-alternatives: using /usr/share/postgresql/16/man/man1/psql.1.gz to provide /usr/share/man/man1/psql.1.gz (psql.1.gz) in auto mode
Setting up postgresql-common (266.pgdg22.04+1) ...

Creating config file /etc/postgresql-common/createcluster.conf with new version
Building PostgreSQL dictionaries from installed myspell/hunspell packages...
  en_us
Removing obsolete dictionary files:
'/etc/apt/trusted.gpg.d/apt.postgresql.org.gpg' -> '/usr/share/postgresql-common/pgdg/apt.postgresql.org.gpg'
Created symlink /etc/systemd/system/multi-user.target.wants/postgresql.service → /lib/systemd/system/postgresql.service.
Setting up postgresql-server-dev-16 (16.5-1.pgdg22.04+1) ...
Setting up postgresql-16 (16.5-1.pgdg22.04+1) ...
Creating new PostgreSQL cluster 16/main ...
/usr/lib/postgresql/16/bin/initdb -D /var/lib/postgresql/16/main --auth-local peer --auth-host scram-sha-256 --no-instructions
The files belonging to this database system will be owned by user "postgres".
This user must also own the server process.

The database cluster will be initialized with locale "en_IN".
The default database encoding has accordingly been set to "UTF8".
The default text search configuration will be set to "english".

Data page checksums are disabled.

fixing permissions on existing directory /var/lib/postgresql/16/main ... ok
creating subdirectories ... ok
selecting dynamic shared memory implementation ... posix
selecting default max_connections ... 100
selecting default shared_buffers ... 128MB
selecting default time zone ... Asia/Kolkata
creating configuration files ... ok
running bootstrap script ... ok
performing post-bootstrap initialization ... ok
syncing data to disk ... ok
Processing triggers for man-db (2.10.2-1) ...
Cloning duckdb_fdw repository...
Cloning into 'duckdb_fdw'...
Downloading and extracting DuckDB library...
--2024-11-21 11:10:37--  https://github.com/duckdb/duckdb/releases/download/v1.0.0/libduckdb-linux-amd64.zip
Resolving github.com (github.com)... 20.207.73.82
Connecting to github.com (github.com)|20.207.73.82|:443... connected.
HTTP request sent, awaiting response... 302 Found
Location: https://objects.githubusercontent.com/github-production-release-asset-2e65be/138754790/32e25820-78ac-4eaf-9856-f8d52ff707a5?X-Amz-Algorithm=AWS4-HMAC-SHA256&X-Amz-Credential=releaseassetproduction%2F20241121%2Fus-east-1%2Fs3%2Faws4_request&X-Amz-Date=20241121T054037Z&X-Amz-Expires=300&X-Amz-Signature=c3ff4ac77873e8dd14b43e11a86e125f2f52da74a7a519be8cf5d87bcafed9b1&X-Amz-SignedHeaders=host&response-content-disposition=attachment%3B%20filename%3Dlibduckdb-linux-amd64.zip&response-content-type=application%2Foctet-stream [following]
--2024-11-21 11:10:37--  https://objects.githubusercontent.com/github-production-release-asset-2e65be/138754790/32e25820-78ac-4eaf-9856-f8d52ff707a5?X-Amz-Algorithm=AWS4-HMAC-SHA256&X-Amz-Credential=releaseassetproduction%2F20241121%2Fus-east-1%2Fs3%2Faws4_request&X-Amz-Date=20241121T054037Z&X-Amz-Expires=300&X-Amz-Signature=c3ff4ac77873e8dd14b43e11a86e125f2f52da74a7a519be8cf5d87bcafed9b1&X-Amz-SignedHeaders=host&response-content-disposition=attachment%3B%20filename%3Dlibduckdb-linux-amd64.zip&response-content-type=application%2Foctet-stream
Resolving objects.githubusercontent.com (objects.githubusercontent.com)... 185.199.108.133, 185.199.111.133, 185.199.110.133, ...
Connecting to objects.githubusercontent.com (objects.githubusercontent.com)|185.199.108.133|:443... connected.
HTTP request sent, awaiting response... 200 OK
Length: 29983869 (29M) [application/octet-stream]
Saving to: ‘libduckdb-linux-amd64.zip’

     0K .......... .......... .......... .......... ..........  0%  893K 33s
    50K .......... .......... .......... .......... ..........  0% 1.08M 30s
   100K .......... .......... .......... .......... ..........  0% 1.20M 28s
   150K .......... .......... .......... .......... ..........  0%  960K 28s
   200K .......... .......... .......... .......... ..........  0% 1.38M 27s
   250K .......... .......... .......... .......... ..........  1% 1.47M 25s
   300K .......... .......... .......... .......... ..........  1% 1.54M 24s
   350K .......... .......... .......... .......... ..........  1% 1.51M 24s
   400K .......... .......... .......... .......... ..........  1% 1.67M 23s
   450K .......... .......... .......... .......... ..........  1% 1.15M 23s
   500K .......... .......... .......... .......... ..........  1% 1.88M 22s
   550K .......... .......... .......... .......... ..........  2% 1.82M 22s
   600K .......... .......... .......... .......... ..........  2% 1.45M 21s
   650K .......... .......... .......... .......... ..........  2% 1.54M 21s
   700K .......... .......... .......... .......... ..........  2% 1.52M 21s
   750K .......... .......... .......... .......... ..........  2% 1.75M 21s
   800K .......... .......... .......... .......... ..........  2% 1.77M 20s
   850K .......... .......... .......... .......... ..........  3% 1.33M 20s
   900K .......... .......... .......... .......... ..........  3% 1.57M 20s
   950K .......... .......... .......... .......... ..........  3% 1.89M 20s
  1000K .......... .......... .......... .......... ..........  3% 1.63M 20s
  1050K .......... .......... .......... .......... ..........  3% 1.39M 20s
  1100K .......... .......... .......... .......... ..........  3% 1.76M 19s
  1150K .......... .......... .......... .......... ..........  4% 1.54M 19s
  1200K .......... .......... .......... .......... ..........  4% 1.74M 19s
  1250K .......... .......... .......... .......... ..........  4% 1.43M 19s
  1300K .......... .......... .......... .......... ..........  4% 1.70M 19s
  1350K .......... .......... .......... .......... ..........  4% 1.46M 19s
  1400K .......... .......... .......... .......... ..........  4% 1.59M 19s
  1450K .......... .......... .......... .......... ..........  5% 1.31M 19s
  1500K .......... .......... .......... .......... ..........  5% 1.82M 19s
  1550K .......... .......... .......... .......... ..........  5% 1.76M 19s
  1600K .......... .......... .......... .......... ..........  5% 1.60M 18s
  1650K .......... .......... .......... .......... ..........  5% 1.39M 18s
  1700K .......... .......... .......... .......... ..........  5% 1.40M 18s
  1750K .......... .......... .......... .......... ..........  6% 1.58M 18s
  1800K .......... .......... .......... .......... ..........  6% 1.24M 18s
  1850K .......... .......... .......... .......... ..........  6% 1.46M 18s
  1900K .......... .......... .......... .......... ..........  6% 1.64M 18s
  1950K .......... .......... .......... .......... ..........  6% 1.81M 18s
  2000K .......... .......... .......... .......... ..........  7% 1.18M 18s
  2050K .......... .......... .......... .......... ..........  7% 1.45M 18s
  2100K .......... .......... .......... .......... ..........  7% 1.34M 18s
  2150K .......... .......... .......... .......... ..........  7% 1.54M 18s
  2200K .......... .......... .......... .......... ..........  7% 1.57M 18s
  2250K .......... .......... .......... .......... ..........  7% 1.57M 18s
  2300K .......... .......... .......... .......... ..........  8% 1.58M 18s
  2350K .......... .......... .......... .......... ..........  8% 1.71M 18s
  2400K .......... .......... .......... .......... ..........  8% 1.53M 18s
  2450K .......... .......... .......... .......... ..........  8% 1.41M 18s
  2500K .......... .......... .......... .......... ..........  8% 1.84M 18s
  2550K .......... .......... .......... .......... ..........  8% 1.33M 18s
  2600K .......... .......... .......... .......... ..........  9% 1.62M 18s
  2650K .......... .......... .......... .......... ..........  9% 1.47M 18s
  2700K .......... .......... .......... .......... ..........  9% 1.68M 18s
  2750K .......... .......... .......... .......... ..........  9% 1.38M 18s
  2800K .......... .......... .......... .......... ..........  9% 1.76M 17s
  2850K .......... .......... .......... .......... ..........  9% 1.44M 17s
  2900K .......... .......... .......... .......... .......... 10% 1.61M 17s
  2950K .......... .......... .......... .......... .......... 10% 1.49M 17s
  3000K .......... .......... .......... .......... .......... 10% 1.75M 17s
  3050K .......... .......... .......... .......... .......... 10% 1.28M 17s
  3100K .......... .......... .......... .......... .......... 10% 1.90M 17s
  3150K .......... .......... .......... .......... .......... 10% 1.53M 17s
  3200K .......... .......... .......... .......... .......... 11% 1.73M 17s
  3250K .......... .......... .......... .......... .......... 11% 1.52M 17s
  3300K .......... .......... .......... .......... .......... 11% 1.67M 17s
  3350K .......... .......... .......... .......... .......... 11% 1.72M 17s
  3400K .......... .......... .......... .......... .......... 11% 1.29M 17s
  3450K .......... .......... .......... .......... .......... 11% 1.41M 17s
  3500K .......... .......... .......... .......... .......... 12% 1.49M 17s
  3550K .......... .......... .......... .......... .......... 12% 1.51M 17s
  3600K .......... .......... .......... .......... .......... 12% 1.62M 17s
  3650K .......... .......... .......... .......... .......... 12% 1.56M 17s
  3700K .......... .......... .......... .......... .......... 12% 1.43M 17s
  3750K .......... .......... .......... .......... .......... 12% 1.61M 17s
  3800K .......... .......... .......... .......... .......... 13% 1.44M 17s
  3850K .......... .......... .......... .......... .......... 13% 1.46M 17s
  3900K .......... .......... .......... .......... .......... 13% 1.45M 17s
  3950K .......... .......... .......... .......... .......... 13% 1.46M 17s
  4000K .......... .......... .......... .......... .......... 13% 1.30M 17s
  4050K .......... .......... .......... .......... .......... 14% 1.65M 16s
  4100K .......... .......... .......... .......... .......... 14% 1.64M 16s
  4150K .......... .......... .......... .......... .......... 14% 1.62M 16s
  4200K .......... .......... .......... .......... .......... 14% 1.54M 16s
  4250K .......... .......... .......... .......... .......... 14% 1.60M 16s
  4300K .......... .......... .......... .......... .......... 14% 1.48M 16s
  4350K .......... .......... .......... .......... .......... 15% 1.68M 16s
  4400K .......... .......... .......... .......... .......... 15% 1.54M 16s
  4450K .......... .......... .......... .......... .......... 15% 1.60M 16s
  4500K .......... .......... .......... .......... .......... 15% 1.77M 16s
  4550K .......... .......... .......... .......... .......... 15% 1.48M 16s
  4600K .......... .......... .......... .......... .......... 15% 1.74M 16s
  4650K .......... .......... .......... .......... .......... 16% 1.49M 16s
  4700K .......... .......... .......... .......... .......... 16% 1.88M 16s
  4750K .......... .......... .......... .......... .......... 16% 1.55M 16s
  4800K .......... .......... .......... .......... .......... 16% 1.80M 16s
  4850K .......... .......... .......... .......... .......... 16% 1.28M 16s
  4900K .......... .......... .......... .......... .......... 16% 1.97M 16s
  4950K .......... .......... .......... .......... .......... 17% 1.32M 16s
  5000K .......... .......... .......... .......... .......... 17% 1.55M 16s
  5050K .......... .......... .......... .......... .......... 17% 1.38M 16s
  5100K .......... .......... .......... .......... .......... 17% 1.42M 16s
  5150K .......... .......... .......... .......... .......... 17% 1.45M 16s
  5200K .......... .......... .......... .......... .......... 17% 1.85M 16s
  5250K .......... .......... .......... .......... .......... 18% 1.19M 16s
  5300K .......... .......... .......... .......... .......... 18% 1.54M 16s
  5350K .......... .......... .......... .......... .......... 18% 1.52M 15s
  5400K .......... .......... .......... .......... .......... 18% 1.76M 15s
  5450K .......... .......... .......... .......... .......... 18% 1.39M 15s
  5500K .......... .......... .......... .......... .......... 18% 1.72M 15s
  5550K .......... .......... .......... .......... .......... 19% 1.45M 15s
  5600K .......... .......... .......... .......... .......... 19% 1.47M 15s
  5650K .......... .......... .......... .......... .......... 19% 1.31M 15s
  5700K .......... .......... .......... .......... .......... 19% 1.71M 15s
  5750K .......... .......... .......... .......... .......... 19% 2.02M 15s
  5800K .......... .......... .......... .......... .......... 19% 1.23M 15s
  5850K .......... .......... .......... .......... .......... 20% 2.08M 15s
  5900K .......... .......... .......... .......... .......... 20% 6.99M 15s
  5950K .......... .......... .......... .......... .......... 20% 2.96M 15s
  6000K .......... .......... .......... .......... .......... 20% 11.8M 15s
  6050K .......... .......... .......... .......... .......... 20% 18.9M 15s
  6100K .......... .......... .......... .......... .......... 21% 15.2M 14s
  6150K .......... .......... .......... .......... .......... 21% 19.5M 14s
  6200K .......... .......... .......... .......... .......... 21% 12.9M 14s
  6250K .......... .......... .......... .......... .......... 21% 11.1M 14s
  6300K .......... .......... .......... .......... .......... 21% 18.6M 14s
  6350K .......... .......... .......... .......... .......... 21% 14.5M 14s
  6400K .......... .......... .......... .......... .......... 22% 15.5M 14s
  6450K .......... .......... .......... .......... .......... 22% 12.2M 14s
  6500K .......... .......... .......... .......... .......... 22% 5.52M 13s
  6550K .......... .......... .......... .......... .......... 22% 4.35M 13s
  6600K .......... .......... .......... .......... .......... 22% 20.3M 13s
  6650K .......... .......... .......... .......... .......... 22% 5.40M 13s
  6700K .......... .......... .......... .......... .......... 23% 18.7M 13s
  6750K .......... .......... .......... .......... .......... 23% 11.0M 13s
  6800K .......... .......... .......... .......... .......... 23% 10.2M 13s
  6850K .......... .......... .......... .......... .......... 23% 10.2M 13s
  6900K .......... .......... .......... .......... .......... 23% 11.0M 13s
  6950K .......... .......... .......... .......... .......... 23% 2.20M 13s
  7000K .......... .......... .......... .......... .......... 24% 7.30M 12s
  7050K .......... .......... .......... .......... .......... 24% 3.38M 12s
  7100K .......... .......... .......... .......... .......... 24% 4.51M 12s
  7150K .......... .......... .......... .......... .......... 24% 3.70M 12s
  7200K .......... .......... .......... .......... .......... 24% 19.1M 12s
  7250K .......... .......... .......... .......... .......... 24% 18.4M 12s
  7300K .......... .......... .......... .......... .......... 25% 4.55M 12s
  7350K .......... .......... .......... .......... .......... 25% 15.0M 12s
  7400K .......... .......... .......... .......... .......... 25% 2.48M 12s
  7450K .......... .......... .......... .......... .......... 25% 16.1M 12s
  7500K .......... .......... .......... .......... .......... 25% 15.8M 12s
  7550K .......... .......... .......... .......... .......... 25% 4.04M 12s
  7600K .......... .......... .......... .......... .......... 26% 16.9M 11s
  7650K .......... .......... .......... .......... .......... 26% 15.8M 11s
  7700K .......... .......... .......... .......... .......... 26% 2.57M 11s
  7750K .......... .......... .......... .......... .......... 26% 3.65M 11s
  7800K .......... .......... .......... .......... .......... 26% 20.7M 11s
  7850K .......... .......... .......... .......... .......... 26% 17.8M 11s
  7900K .......... .......... .......... .......... .......... 27% 4.48M 11s
  7950K .......... .......... .......... .......... .......... 27% 22.3M 11s
  8000K .......... .......... .......... .......... .......... 27% 20.5M 11s
  8050K .......... .......... .......... .......... .......... 27% 3.92M 11s
  8100K .......... .......... .......... .......... .......... 27% 15.3M 11s
  8150K .......... .......... .......... .......... .......... 28% 6.30M 11s
  8200K .......... .......... .......... .......... .......... 28% 24.9M 11s
  8250K .......... .......... .......... .......... .......... 28% 3.27M 10s
  8300K .......... .......... .......... .......... .......... 28% 3.96M 10s
  8350K .......... .......... .......... .......... .......... 28% 15.9M 10s
  8400K .......... .......... .......... .......... .......... 28% 18.0M 10s
  8450K .......... .......... .......... .......... .......... 29% 15.3M 10s
  8500K .......... .......... .......... .......... .......... 29% 2.22M 10s
  8550K .......... .......... .......... .......... .......... 29% 16.1M 10s
  8600K .......... .......... .......... .......... .......... 29% 17.4M 10s
  8650K .......... .......... .......... .......... .......... 29% 2.91M 10s
  8700K .......... .......... .......... .......... .......... 29% 3.42M 10s
  8750K .......... .......... .......... .......... .......... 30% 3.26M 10s
  8800K .......... .......... .......... .......... .......... 30% 2.33M 10s
  8850K .......... .......... .......... .......... .......... 30% 12.7M 10s
  8900K .......... .......... .......... .......... .......... 30% 4.69M 10s
  8950K .......... .......... .......... .......... .......... 30% 18.0M 10s
  9000K .......... .......... .......... .......... .......... 30% 3.02M 10s
  9050K .......... .......... .......... .......... .......... 31% 12.7M 10s
  9100K .......... .......... .......... .......... .......... 31% 17.5M 9s
  9150K .......... .......... .......... .......... .......... 31% 4.08M 9s
  9200K .......... .......... .......... .......... .......... 31% 15.5M 9s
  9250K .......... .......... .......... .......... .......... 31% 2.40M 9s
  9300K .......... .......... .......... .......... .......... 31% 14.0M 9s
  9350K .......... .......... .......... .......... .......... 32% 2.06M 9s
  9400K .......... .......... .......... .......... .......... 32% 14.6M 9s
  9450K .......... .......... .......... .......... .......... 32% 4.07M 9s
  9500K .......... .......... .......... .......... .......... 32% 23.8M 9s
  9550K .......... .......... .......... .......... .......... 32% 19.5M 9s
  9600K .......... .......... .......... .......... .......... 32% 3.44M 9s
  9650K .......... .......... .......... .......... .......... 33% 16.8M 9s
  9700K .......... .......... .......... .......... .......... 33% 3.08M 9s
  9750K .......... .......... .......... .......... .......... 33% 17.7M 9s
  9800K .......... .......... .......... .......... .......... 33% 15.8M 9s
  9850K .......... .......... .......... .......... .......... 33% 16.7M 9s
  9900K .......... .......... .......... .......... .......... 33% 3.88M 9s
  9950K .......... .......... .......... .......... .......... 34% 17.7M 9s
 10000K .......... .......... .......... .......... .......... 34% 3.22M 9s
 10050K .......... .......... .......... .......... .......... 34% 14.5M 8s
 10100K .......... .......... .......... .......... .......... 34% 18.8M 8s
 10150K .......... .......... .......... .......... .......... 34% 4.15M 8s
 10200K .......... .......... .......... .......... .......... 35% 5.07M 8s
 10250K .......... .......... .......... .......... .......... 35% 20.2M 8s
 10300K .......... .......... .......... .......... .......... 35% 2.72M 8s
 10350K .......... .......... .......... .......... .......... 35% 17.8M 8s
 10400K .......... .......... .......... .......... .......... 35% 16.8M 8s
 10450K .......... .......... .......... .......... .......... 35% 2.97M 8s
 10500K .......... .......... .......... .......... .......... 36% 18.3M 8s
 10550K .......... .......... .......... .......... .......... 36% 4.43M 8s
 10600K .......... .......... .......... .......... .......... 36% 19.6M 8s
 10650K .......... .......... .......... .......... .......... 36% 15.8M 8s
 10700K .......... .......... .......... .......... .......... 36% 2.08M 8s
 10750K .......... .......... .......... .......... .......... 36% 19.9M 8s
 10800K .......... .......... .......... .......... .......... 37% 19.7M 8s
 10850K .......... .......... .......... .......... .......... 37% 4.96M 8s
 10900K .......... .......... .......... .......... .......... 37% 20.6M 8s
 10950K .......... .......... .......... .......... .......... 37% 4.49M 8s
 11000K .......... .......... .......... .......... .......... 37% 16.9M 8s
 11050K .......... .......... .......... .......... .......... 37% 16.0M 8s
 11100K .......... .......... .......... .......... .......... 38% 1.89M 8s
 11150K .......... .......... .......... .......... .......... 38% 14.2M 7s
 11200K .......... .......... .......... .......... .......... 38% 17.5M 7s
 11250K .......... .......... .......... .......... .......... 38% 4.25M 7s
 11300K .......... .......... .......... .......... .......... 38% 16.9M 7s
 11350K .......... .......... .......... .......... .......... 38% 3.87M 7s
 11400K .......... .......... .......... .......... .......... 39% 22.0M 7s
 11450K .......... .......... .......... .......... .......... 39% 2.96M 7s
 11500K .......... .......... .......... .......... .......... 39% 13.6M 7s
 11550K .......... .......... .......... .......... .......... 39% 1.94M 7s
 11600K .......... .......... .......... .......... .......... 39% 4.77M 7s
 11650K .......... .......... .......... .......... .......... 39% 6.85M 7s
 11700K .......... .......... .......... .......... .......... 40% 13.7M 7s
 11750K .......... .......... .......... .......... .......... 40% 4.30M 7s
 11800K .......... .......... .......... .......... .......... 40% 17.7M 7s
 11850K .......... .......... .......... .......... .......... 40% 3.16M 7s
 11900K .......... .......... .......... .......... .......... 40% 14.9M 7s
 11950K .......... .......... .......... .......... .......... 40% 4.34M 7s
 12000K .......... .......... .......... .......... .......... 41% 16.9M 7s
 12050K .......... .......... .......... .......... .......... 41% 4.22M 7s
 12100K .......... .......... .......... .......... .......... 41% 15.5M 7s
 12150K .......... .......... .......... .......... .......... 41% 2.52M 7s
 12200K .......... .......... .......... .......... .......... 41% 14.8M 7s
 12250K .......... .......... .......... .......... .......... 42% 3.81M 7s
 12300K .......... .......... .......... .......... .......... 42% 16.1M 7s
 12350K .......... .......... .......... .......... .......... 42% 5.86M 7s
 12400K .......... .......... .......... .......... .......... 42% 16.5M 7s
 12450K .......... .......... .......... .......... .......... 42% 3.25M 7s
 12500K .......... .......... .......... .......... .......... 42% 9.99M 6s
 12550K .......... .......... .......... .......... .......... 43% 18.4M 6s
 12600K .......... .......... .......... .......... .......... 43% 2.69M 6s
 12650K .......... .......... .......... .......... .......... 43% 19.1M 6s
 12700K .......... .......... .......... .......... .......... 43% 3.82M 6s
 12750K .......... .......... .......... .......... .......... 43% 19.5M 6s
 12800K .......... .......... .......... .......... .......... 43% 3.81M 6s
 12850K .......... .......... .......... .......... .......... 44% 11.2M 6s
 12900K .......... .......... .......... .......... .......... 44% 19.0M 6s
 12950K .......... .......... .......... .......... .......... 44% 3.13M 6s
 13000K .......... .......... .......... .......... .......... 44% 2.59M 6s
 13050K .......... .......... .......... .......... .......... 44% 15.6M 6s
 13100K .......... .......... .......... .......... .......... 44% 3.23M 6s
 13150K .......... .......... .......... .......... .......... 45% 14.1M 6s
 13200K .......... .......... .......... .......... .......... 45% 12.4M 6s
 13250K .......... .......... .......... .......... .......... 45% 2.70M 6s
 13300K .......... .......... .......... .......... .......... 45% 14.0M 6s
 13350K .......... .......... .......... .......... .......... 45% 3.92M 6s
 13400K .......... .......... .......... .......... .......... 45% 14.6M 6s
 13450K .......... .......... .......... .......... .......... 46% 3.66M 6s
 13500K .......... .......... .......... .......... .......... 46% 4.95M 6s
 13550K .......... .......... .......... .......... .......... 46% 16.8M 6s
 13600K .......... .......... .......... .......... .......... 46% 18.6M 6s
 13650K .......... .......... .......... .......... .......... 46% 3.04M 6s
 13700K .......... .......... .......... .......... .......... 46% 3.04M 6s
 13750K .......... .......... .......... .......... .......... 47% 18.8M 6s
 13800K .......... .......... .......... .......... .......... 47% 4.85M 6s
 13850K .......... .......... .......... .......... .......... 47% 19.4M 6s
 13900K .......... .......... .......... .......... .......... 47% 18.0M 6s
 13950K .......... .......... .......... .......... .......... 47% 19.9M 6s
 14000K .......... .......... .......... .......... .......... 47% 4.45M 6s
 14050K .......... .......... .......... .......... .......... 48% 18.0M 6s
 14100K .......... .......... .......... .......... .......... 48% 21.1M 5s
 14150K .......... .......... .......... .......... .......... 48% 4.11M 5s
 14200K .......... .......... .......... .......... .......... 48% 14.4M 5s
 14250K .......... .......... .......... .......... .......... 48% 2.10M 5s
 14300K .......... .......... .......... .......... .......... 49% 10.8M 5s
 14350K .......... .......... .......... .......... .......... 49% 4.42M 5s
 14400K .......... .......... .......... .......... .......... 49% 16.1M 5s
 14450K .......... .......... .......... .......... .......... 49% 3.83M 5s
 14500K .......... .......... .......... .......... .......... 49% 18.4M 5s
 14550K .......... .......... .......... .......... .......... 49% 17.9M 5s
 14600K .......... .......... .......... .......... .......... 50% 3.11M 5s
 14650K .......... .......... .......... .......... .......... 50% 15.6M 5s
 14700K .......... .......... .......... .......... .......... 50% 3.73M 5s
 14750K .......... .......... .......... .......... .......... 50% 21.9M 5s
 14800K .......... .......... .......... .......... .......... 50% 19.0M 5s
 14850K .......... .......... .......... .......... .......... 50% 2.82M 5s
 14900K .......... .......... .......... .......... .......... 51% 18.5M 5s
 14950K .......... .......... .......... .......... .......... 51% 16.7M 5s
 15000K .......... .......... .......... .......... .......... 51% 3.57M 5s
 15050K .......... .......... .......... .......... .......... 51% 14.9M 5s
 15100K .......... .......... .......... .......... .......... 51% 21.1M 5s
 15150K .......... .......... .......... .......... .......... 51% 2.53M 5s
 15200K .......... .......... .......... .......... .......... 52% 18.6M 5s
 15250K .......... .......... .......... .......... .......... 52% 6.40M 5s
 15300K .......... .......... .......... .......... .......... 52% 14.9M 5s
 15350K .......... .......... .......... .......... .......... 52% 3.03M 5s
 15400K .......... .......... .......... .......... .......... 52% 17.1M 5s
 15450K .......... .......... .......... .......... .......... 52% 4.17M 5s
 15500K .......... .......... .......... .......... .......... 53% 14.5M 5s
 15550K .......... .......... .......... .......... .......... 53% 15.0M 5s
 15600K .......... .......... .......... .......... .......... 53% 2.39M 5s
 15650K .......... .......... .......... .......... .......... 53% 11.1M 5s
 15700K .......... .......... .......... .......... .......... 53% 17.3M 5s
 15750K .......... .......... .......... .......... .......... 53% 18.3M 5s
 15800K .......... .......... .......... .......... .......... 54% 3.81M 5s
 15850K .......... .......... .......... .......... .......... 54% 12.0M 5s
 15900K .......... .......... .......... .......... .......... 54% 3.80M 5s
 15950K .......... .......... .......... .......... .......... 54% 13.9M 4s
 16000K .......... .......... .......... .......... .......... 54% 1.95M 4s
 16050K .......... .......... .......... .......... .......... 54% 5.37M 4s
 16100K .......... .......... .......... .......... .......... 55% 19.2M 4s
 16150K .......... .......... .......... .......... .......... 55% 26.9M 4s
 16200K .......... .......... .......... .......... .......... 55% 3.24M 4s
 16250K .......... .......... .......... .......... .......... 55% 17.2M 4s
 16300K .......... .......... .......... .......... .......... 55% 19.9M 4s
 16350K .......... .......... .......... .......... .......... 56% 3.82M 4s
 16400K .......... .......... .......... .......... .......... 56% 15.9M 4s
 16450K .......... .......... .......... .......... .......... 56% 5.13M 4s
 16500K .......... .......... .......... .......... .......... 56% 4.41M 4s
 16550K .......... .......... .......... .......... .......... 56% 15.8M 4s
 16600K .......... .......... .......... .......... .......... 56% 15.7M 4s
 16650K .......... .......... .......... .......... .......... 57% 19.6M 4s
 16700K .......... .......... .......... .......... .......... 57% 2.90M 4s
 16750K .......... .......... .......... .......... .......... 57% 21.9M 4s
 16800K .......... .......... .......... .......... .......... 57% 4.09M 4s
 16850K .......... .......... .......... .......... .......... 57% 14.3M 4s
 16900K .......... .......... .......... .......... .......... 57% 8.95M 4s
 16950K .......... .......... .......... .......... .......... 58% 4.52M 4s
 17000K .......... .......... .......... .......... .......... 58% 14.5M 4s
 17050K .......... .......... .......... .......... .......... 58% 3.93M 4s
 17100K .......... .......... .......... .......... .......... 58% 15.4M 4s
 17150K .......... .......... .......... .......... .......... 58% 20.7M 4s
 17200K .......... .......... .......... .......... .......... 58% 4.19M 4s
 17250K .......... .......... .......... .......... .......... 59% 11.1M 4s
 17300K .......... .......... .......... .......... .......... 59% 3.22M 4s
 17350K .......... .......... .......... .......... .......... 59% 18.5M 4s
 17400K .......... .......... .......... .......... .......... 59% 3.55M 4s
 17450K .......... .......... .......... .......... .......... 59% 9.08M 4s
 17500K .......... .......... .......... .......... .......... 59% 17.6M 4s
 17550K .......... .......... .......... .......... .......... 60% 4.32M 4s
 17600K .......... .......... .......... .......... .......... 60% 6.25M 4s
 17650K .......... .......... .......... .......... .......... 60% 16.1M 4s
 17700K .......... .......... .......... .......... .......... 60% 2.47M 4s
 17750K .......... .......... .......... .......... .......... 60% 19.0M 4s
 17800K .......... .......... .......... .......... .......... 60% 17.4M 4s
 17850K .......... .......... .......... .......... .......... 61% 3.74M 4s
 17900K .......... .......... .......... .......... .......... 61% 9.78M 4s
 17950K .......... .......... .......... .......... .......... 61% 3.09M 4s
 18000K .......... .......... .......... .......... .......... 61% 17.1M 4s
 18050K .......... .......... .......... .......... .......... 61% 15.5M 4s
 18100K .......... .......... .......... .......... .......... 61% 3.90M 4s
 18150K .......... .......... .......... .......... .......... 62% 17.9M 3s
 18200K .......... .......... .......... .......... .......... 62% 19.5M 3s
 18250K .......... .......... .......... .......... .......... 62% 18.0M 3s
 18300K .......... .......... .......... .......... .......... 62% 3.10M 3s
 18350K .......... .......... .......... .......... .......... 62% 4.53M 3s
 18400K .......... .......... .......... .......... .......... 63% 17.0M 3s
 18450K .......... .......... .......... .......... .......... 63% 16.8M 3s
 18500K .......... .......... .......... .......... .......... 63% 1.85M 3s
 18550K .......... .......... .......... .......... .......... 63% 4.33M 3s
 18600K .......... .......... .......... .......... .......... 63% 23.7M 3s
 18650K .......... .......... .......... .......... .......... 63% 5.61M 3s
 18700K .......... .......... .......... .......... .......... 64% 20.4M 3s
 18750K .......... .......... .......... .......... .......... 64% 20.4M 3s
 18800K .......... .......... .......... .......... .......... 64% 20.8M 3s
 18850K .......... .......... .......... .......... .......... 64% 2.33M 3s
 18900K .......... .......... .......... .......... .......... 64% 1.42M 3s
 18950K .......... .......... .......... .......... .......... 64% 1.16M 3s
 19000K .......... .......... .......... .......... .......... 65% 1.11M 3s
 19050K .......... .......... .......... .......... .......... 65% 1.55M 3s
 19100K .......... .......... .......... .......... .......... 65% 1.71M 3s
 19150K .......... .......... .......... .......... .......... 65% 1.47M 3s
 19200K .......... .......... .......... .......... .......... 65% 1.47M 3s
 19250K .......... .......... .......... .......... .......... 65% 1.08M 3s
 19300K .......... .......... .......... .......... .......... 66% 1.22M 3s
 19350K .......... .......... .......... .......... .......... 66% 20.7M 3s
 19400K .......... .......... .......... .......... .......... 66% 2.12M 3s
 19450K .......... .......... .......... .......... .......... 66% 2.31M 3s
 19500K .......... .......... .......... .......... .......... 66% 2.71M 3s
 19550K .......... .......... .......... .......... .......... 66% 17.8M 3s
 19600K .......... .......... .......... .......... .......... 67% 3.67M 3s
 19650K .......... .......... .......... .......... .......... 67% 17.5M 3s
 19700K .......... .......... .......... .......... .......... 67% 4.32M 3s
 19750K .......... .......... .......... .......... .......... 67% 3.89M 3s
 19800K .......... .......... .......... .......... .......... 67% 12.1M 3s
 19850K .......... .......... .......... .......... .......... 67% 2.44M 3s
 19900K .......... .......... .......... .......... .......... 68% 15.2M 3s
 19950K .......... .......... .......... .......... .......... 68% 2.14M 3s
 20000K .......... .......... .......... .......... .......... 68% 17.0M 3s
 20050K .......... .......... .......... .......... .......... 68% 3.06M 3s
 20100K .......... .......... .......... .......... .......... 68% 8.59M 3s
 20150K .......... .......... .......... .......... .......... 68% 13.1M 3s
 20200K .......... .......... .......... .......... .......... 69% 16.0M 3s
 20250K .......... .......... .......... .......... .......... 69% 14.7M 3s
 20300K .......... .......... .......... .......... .......... 69% 17.9M 3s
 20350K .......... .......... .......... .......... .......... 69% 19.7M 3s
 20400K .......... .......... .......... .......... .......... 69% 17.5M 3s
 20450K .......... .......... .......... .......... .......... 70% 16.2M 3s
 20500K .......... .......... .......... .......... .......... 70% 21.2M 3s
 20550K .......... .......... .......... .......... .......... 70% 20.0M 3s
 20600K .......... .......... .......... .......... .......... 70% 16.8M 3s
 20650K .......... .......... .......... .......... .......... 70% 22.9M 3s
 20700K .......... .......... .......... .......... .......... 70% 18.4M 3s
 20750K .......... .......... .......... .......... .......... 71% 15.7M 3s
 20800K .......... .......... .......... .......... .......... 71% 13.7M 3s
 20850K .......... .......... .......... .......... .......... 71% 16.4M 3s
 20900K .......... .......... .......... .......... .......... 71% 20.1M 3s
 20950K .......... .......... .......... .......... .......... 71% 16.3M 3s
 21000K .......... .......... .......... .......... .......... 71% 16.4M 3s
 21050K .......... .......... .......... .......... .......... 72% 21.4M 2s
 21100K .......... .......... .......... .......... .......... 72% 22.6M 2s
 21150K .......... .......... .......... .......... .......... 72% 21.4M 2s
 21200K .......... .......... .......... .......... .......... 72% 16.7M 2s
 21250K .......... .......... .......... .......... .......... 72% 21.9M 2s
 21300K .......... .......... .......... .......... .......... 72% 7.04M 2s
 21350K .......... .......... .......... .......... .......... 73% 11.7M 2s
 21400K .......... .......... .......... .......... .......... 73% 6.53M 2s
 21450K .......... .......... .......... .......... .......... 73% 9.79M 2s
 21500K .......... .......... .......... .......... .......... 73% 1.97M 2s
 21550K .......... .......... .......... .......... .......... 73% 2.25M 2s
 21600K .......... .......... .......... .......... .......... 73% 8.71M 2s
 21650K .......... .......... .......... .......... .......... 74% 3.08M 2s
 21700K .......... .......... .......... .......... .......... 74% 11.3M 2s
 21750K .......... .......... .......... .......... .......... 74% 2.79M 2s
 21800K .......... .......... .......... .......... .......... 74% 12.0M 2s
 21850K .......... .......... .......... .......... .......... 74% 4.18M 2s
 21900K .......... .......... .......... .......... .......... 74% 2.07M 2s
 21950K .......... .......... .......... .......... .......... 75% 6.79M 2s
 22000K .......... .......... .......... .......... .......... 75% 3.40M 2s
 22050K .......... .......... .......... .......... .......... 75% 5.88M 2s
 22100K .......... .......... .......... .......... .......... 75% 3.07M 2s
 22150K .......... .......... .......... .......... .......... 75% 3.04M 2s
 22200K .......... .......... .......... .......... .......... 75% 2.62M 2s
 22250K .......... .......... .......... .......... .......... 76% 9.04M 2s
 22300K .......... .......... .......... .......... .......... 76% 3.54M 2s
 22350K .......... .......... .......... .......... .......... 76% 4.35M 2s
 22400K .......... .......... .......... .......... .......... 76% 5.31M 2s
 22450K .......... .......... .......... .......... .......... 76% 3.53M 2s
 22500K .......... .......... .......... .......... .......... 77% 4.38M 2s
 22550K .......... .......... .......... .......... .......... 77% 3.71M 2s
 22600K .......... .......... .......... .......... .......... 77% 6.40M 2s
 22650K .......... .......... .......... .......... .......... 77% 3.10M 2s
 22700K .......... .......... .......... .......... .......... 77% 8.16M 2s
 22750K .......... .......... .......... .......... .......... 77% 3.48M 2s
 22800K .......... .......... .......... .......... .......... 78% 3.15M 2s
 22850K .......... .......... .......... .......... .......... 78% 10.6M 2s
 22900K .......... .......... .......... .......... .......... 78% 3.29M 2s
 22950K .......... .......... .......... .......... .......... 78% 5.50M 2s
 23000K .......... .......... .......... .......... .......... 78% 6.15M 2s
 23050K .......... .......... .......... .......... .......... 78% 2.89M 2s
 23100K .......... .......... .......... .......... .......... 79% 6.95M 2s
 23150K .......... .......... .......... .......... .......... 79% 3.29M 2s
 23200K .......... .......... .......... .......... .......... 79% 2.33M 2s
 23250K .......... .......... .......... .......... .......... 79% 7.65M 2s
 23300K .......... .......... .......... .......... .......... 79% 2.58M 2s
 23350K .......... .......... .......... .......... .......... 79% 2.54M 2s
 23400K .......... .......... .......... .......... .......... 80% 5.67M 2s
 23450K .......... .......... .......... .......... .......... 80% 3.04M 2s
 23500K .......... .......... .......... .......... .......... 80% 6.35M 2s
 23550K .......... .......... .......... .......... .......... 80% 6.72M 2s
 23600K .......... .......... .......... .......... .......... 80% 2.62M 2s
 23650K .......... .......... .......... .......... .......... 80% 8.93M 2s
 23700K .......... .......... .......... .......... .......... 81% 4.07M 2s
 23750K .......... .......... .......... .......... .......... 81% 5.61M 2s
 23800K .......... .......... .......... .......... .......... 81% 4.39M 2s
 23850K .......... .......... .......... .......... .......... 81% 5.21M 2s
 23900K .......... .......... .......... .......... .......... 81% 4.84M 2s
 23950K .......... .......... .......... .......... .......... 81% 4.03M 2s
 24000K .......... .......... .......... .......... .......... 82% 5.72M 2s
 24050K .......... .......... .......... .......... .......... 82% 3.89M 2s
 24100K .......... .......... .......... .......... .......... 82% 4.47M 2s
 24150K .......... .......... .......... .......... .......... 82% 8.68M 1s
 24200K .......... .......... .......... .......... .......... 82% 3.56M 1s
 24250K .......... .......... .......... .......... .......... 82% 4.57M 1s
 24300K .......... .......... .......... .......... .......... 83% 3.01M 1s
 24350K .......... .......... .......... .......... .......... 83% 7.35M 1s
 24400K .......... .......... .......... .......... .......... 83% 5.79M 1s
 24450K .......... .......... .......... .......... .......... 83% 3.49M 1s
 24500K .......... .......... .......... .......... .......... 83% 5.73M 1s
 24550K .......... .......... .......... .......... .......... 84% 3.19M 1s
 24600K .......... .......... .......... .......... .......... 84% 4.45M 1s
 24650K .......... .......... .......... .......... .......... 84% 2.90M 1s
 24700K .......... .......... .......... .......... .......... 84% 7.89M 1s
 24750K .......... .......... .......... .......... .......... 84% 3.69M 1s
 24800K .......... .......... .......... .......... .......... 84% 3.86M 1s
 24850K .......... .......... .......... .......... .......... 85% 3.88M 1s
 24900K .......... .......... .......... .......... .......... 85% 8.29M 1s
 24950K .......... .......... .......... .......... .......... 85% 5.64M 1s
 25000K .......... .......... .......... .......... .......... 85% 11.0M 1s
 25050K .......... .......... .......... .......... .......... 85% 12.9M 1s
 25100K .......... .......... .......... .......... .......... 85% 9.45M 1s
 25150K .......... .......... .......... .......... .......... 86% 11.3M 1s
 25200K .......... .......... .......... .......... .......... 86% 11.7M 1s
 25250K .......... .......... .......... .......... .......... 86% 14.5M 1s
 25300K .......... .......... .......... .......... .......... 86% 13.7M 1s
 25350K .......... .......... .......... .......... .......... 86% 9.46M 1s
 25400K .......... .......... .......... .......... .......... 86% 3.71M 1s
 25450K .......... .......... .......... .......... .......... 87% 14.1M 1s
 25500K .......... .......... .......... .......... .......... 87% 1.95M 1s
 25550K .......... .......... .......... .......... .......... 87% 14.5M 1s
 25600K .......... .......... .......... .......... .......... 87% 12.2M 1s
 25650K .......... .......... .......... .......... .......... 87% 3.36M 1s
 25700K .......... .......... .......... .......... .......... 87% 5.57M 1s
 25750K .......... .......... .......... .......... .......... 88% 6.46M 1s
 25800K .......... .......... .......... .......... .......... 88% 15.8M 1s
 25850K .......... .......... .......... .......... .......... 88% 2.08M 1s
 25900K .......... .......... .......... .......... .......... 88% 12.7M 1s
 25950K .......... .......... .......... .......... .......... 88% 13.0M 1s
 26000K .......... .......... .......... .......... .......... 88% 3.52M 1s
 26050K .......... .......... .......... .......... .......... 89% 9.52M 1s
 26100K .......... .......... .......... .......... .......... 89% 2.73M 1s
 26150K .......... .......... .......... .......... .......... 89% 2.26M 1s
 26200K .......... .......... .......... .......... .......... 89% 10.7M 1s
 26250K .......... .......... .......... .......... .......... 89% 14.1M 1s
 26300K .......... .......... .......... .......... .......... 89% 5.28M 1s
 26350K .......... .......... .......... .......... .......... 90% 3.76M 1s
 26400K .......... .......... .......... .......... .......... 90% 3.57M 1s
 26450K .......... .......... .......... .......... .......... 90% 2.77M 1s
 26500K .......... .......... .......... .......... .......... 90% 14.0M 1s
 26550K .......... .......... .......... .......... .......... 90% 3.75M 1s
 26600K .......... .......... .......... .......... .......... 91% 6.81M 1s
 26650K .......... .......... .......... .......... .......... 91% 4.00M 1s
 26700K .......... .......... .......... .......... .......... 91% 11.6M 1s
 26750K .......... .......... .......... .......... .......... 91% 2.71M 1s
 26800K .......... .......... .......... .......... .......... 91% 11.8M 1s
 26850K .......... .......... .......... .......... .......... 91% 5.93M 1s
 26900K .......... .......... .......... .......... .......... 92% 3.99M 1s
 26950K .......... .......... .......... .......... .......... 92% 5.42M 1s
 27000K .......... .......... .......... .......... .......... 92% 9.73M 1s
 27050K .......... .......... .......... .......... .......... 92% 10.9M 1s
 27100K .......... .......... .......... .......... .......... 92% 13.4M 1s
 27150K .......... .......... .......... .......... .......... 92% 9.66M 1s
 27200K .......... .......... .......... .......... .......... 93% 4.66M 1s
 27250K .......... .......... .......... .......... .......... 93% 7.19M 1s
 27300K .......... .......... .......... .......... .......... 93% 5.35M 1s
 27350K .......... .......... .......... .......... .......... 93% 3.92M 1s
 27400K .......... .......... .......... .......... .......... 93% 12.2M 1s
 27450K .......... .......... .......... .......... .......... 93% 11.3M 0s
 27500K .......... .......... .......... .......... .......... 94% 4.50M 0s
 27550K .......... .......... .......... .......... .......... 94% 10.5M 0s
 27600K .......... .......... .......... .......... .......... 94% 10.3M 0s
 27650K .......... .......... .......... .......... .......... 94% 5.01M 0s
 27700K .......... .......... .......... .......... .......... 94% 4.44M 0s
 27750K .......... .......... .......... .......... .......... 94% 12.9M 0s
 27800K .......... .......... .......... .......... .......... 95% 6.58M 0s
 27850K .......... .......... .......... .......... .......... 95% 5.52M 0s
 27900K .......... .......... .......... .......... .......... 95% 14.2M 0s
 27950K .......... .......... .......... .......... .......... 95% 5.99M 0s
 28000K .......... .......... .......... .......... .......... 95% 2.72M 0s
 28050K .......... .......... .......... .......... .......... 95% 13.4M 0s
 28100K .......... .......... .......... .......... .......... 96% 15.5M 0s
 28150K .......... .......... .......... .......... .......... 96% 3.10M 0s
 28200K .......... .......... .......... .......... .......... 96% 5.98M 0s
 28250K .......... .......... .......... .......... .......... 96% 6.48M 0s
 28300K .......... .......... .......... .......... .......... 96% 4.89M 0s
 28350K .......... .......... .......... .......... .......... 96% 3.01M 0s
 28400K .......... .......... .......... .......... .......... 97% 5.03M 0s
 28450K .......... .......... .......... .......... .......... 97% 3.72M 0s
 28500K .......... .......... .......... .......... .......... 97% 4.80M 0s
 28550K .......... .......... .......... .......... .......... 97% 8.42M 0s
 28600K .......... .......... .......... .......... .......... 97% 3.64M 0s
 28650K .......... .......... .......... .......... .......... 98% 12.5M 0s
 28700K .......... .......... .......... .......... .......... 98% 3.99M 0s
 28750K .......... .......... .......... .......... .......... 98% 10.7M 0s
 28800K .......... .......... .......... .......... .......... 98% 3.56M 0s
 28850K .......... .......... .......... .......... .......... 98% 13.3M 0s
 28900K .......... .......... .......... .......... .......... 98% 2.17M 0s
 28950K .......... .......... .......... .......... .......... 99% 21.7M 0s
 29000K .......... .......... .......... .......... .......... 99% 20.7M 0s
 29050K .......... .......... .......... .......... .......... 99% 30.1M 0s
 29100K .......... .......... .......... .......... .......... 99% 4.55M 0s
 29150K .......... .......... .......... .......... .......... 99% 25.8M 0s
 29200K .......... .......... .......... .......... .......... 99% 24.9M 0s
 29250K .......... .......... .......... .                    100% 27.2M=8.0s

2024-11-21 11:10:46 (3.57 MB/s) - ‘libduckdb-linux-amd64.zip’ saved [29983869/29983869]

Archive:  libduckdb-linux-amd64.zip
  inflating: ./libduckdb.so          
  inflating: ./libduckdb_static.a    
  inflating: ./duckdb.hpp            
  inflating: ./duckdb.h              
Copying DuckDB shared library...
Building and installing duckdb_fdw extension...
gcc -Wall -Wmissing-prototypes -Wpointer-arith -Wdeclaration-after-statement -Werror=vla -Wendif-labels -Wmissing-format-attribute -Wimplicit-fallthrough=3 -Wcast-function-type -Wshadow=compatible-local -Wformat-security -fno-strict-aliasing -fwrapv -fexcess-precision=standard -Wno-format-truncation -Wno-stringop-truncation -g -g -O2 -flto=auto -ffat-lto-objects -flto=auto -ffat-lto-objects -fstack-protector-strong -Wformat -Werror=format-security -fno-omit-frame-pointer -fPIC -fvisibility=hidden -I. -I./ -I/usr/include/postgresql/16/server -I/usr/include/postgresql/internal  -Wdate-time -D_FORTIFY_SOURCE=2 -D_GNU_SOURCE -I/usr/include/libxml2   -c -o connection.o connection.c
gcc -Wall -Wmissing-prototypes -Wpointer-arith -Wdeclaration-after-statement -Werror=vla -Wendif-labels -Wmissing-format-attribute -Wimplicit-fallthrough=3 -Wcast-function-type -Wshadow=compatible-local -Wformat-security -fno-strict-aliasing -fwrapv -fexcess-precision=standard -Wno-format-truncation -Wno-stringop-truncation -g -g -O2 -flto=auto -ffat-lto-objects -flto=auto -ffat-lto-objects -fstack-protector-strong -Wformat -Werror=format-security -fno-omit-frame-pointer -fPIC -fvisibility=hidden -I. -I./ -I/usr/include/postgresql/16/server -I/usr/include/postgresql/internal  -Wdate-time -D_FORTIFY_SOURCE=2 -D_GNU_SOURCE -I/usr/include/libxml2   -c -o option.o option.c
gcc -Wall -Wmissing-prototypes -Wpointer-arith -Wdeclaration-after-statement -Werror=vla -Wendif-labels -Wmissing-format-attribute -Wimplicit-fallthrough=3 -Wcast-function-type -Wshadow=compatible-local -Wformat-security -fno-strict-aliasing -fwrapv -fexcess-precision=standard -Wno-format-truncation -Wno-stringop-truncation -g -g -O2 -flto=auto -ffat-lto-objects -flto=auto -ffat-lto-objects -fstack-protector-strong -Wformat -Werror=format-security -fno-omit-frame-pointer -fPIC -fvisibility=hidden -I. -I./ -I/usr/include/postgresql/16/server -I/usr/include/postgresql/internal  -Wdate-time -D_FORTIFY_SOURCE=2 -D_GNU_SOURCE -I/usr/include/libxml2   -c -o deparse.o deparse.c
gcc -Wall -Wmissing-prototypes -Wpointer-arith -Wdeclaration-after-statement -Werror=vla -Wendif-labels -Wmissing-format-attribute -Wimplicit-fallthrough=3 -Wcast-function-type -Wshadow=compatible-local -Wformat-security -fno-strict-aliasing -fwrapv -fexcess-precision=standard -Wno-format-truncation -Wno-stringop-truncation -g -g -O2 -flto=auto -ffat-lto-objects -flto=auto -ffat-lto-objects -fstack-protector-strong -Wformat -Werror=format-security -fno-omit-frame-pointer -fPIC -fvisibility=hidden -I. -I./ -I/usr/include/postgresql/16/server -I/usr/include/postgresql/internal  -Wdate-time -D_FORTIFY_SOURCE=2 -D_GNU_SOURCE -I/usr/include/libxml2   -c -o sqlite_query.o sqlite_query.c
gcc -Wall -Wmissing-prototypes -Wpointer-arith -Wdeclaration-after-statement -Werror=vla -Wendif-labels -Wmissing-format-attribute -Wimplicit-fallthrough=3 -Wcast-function-type -Wshadow=compatible-local -Wformat-security -fno-strict-aliasing -fwrapv -fexcess-precision=standard -Wno-format-truncation -Wno-stringop-truncation -g -g -O2 -flto=auto -ffat-lto-objects -flto=auto -ffat-lto-objects -fstack-protector-strong -Wformat -Werror=format-security -fno-omit-frame-pointer -fPIC -fvisibility=hidden -I. -I./ -I/usr/include/postgresql/16/server -I/usr/include/postgresql/internal  -Wdate-time -D_FORTIFY_SOURCE=2 -D_GNU_SOURCE -I/usr/include/libxml2   -c -o duckdb_fdw.o duckdb_fdw.c
g++ -Wall -Wpointer-arith -Wendif-labels -Wmissing-format-attribute -Wimplicit-fallthrough=3 -Wcast-function-type -Wshadow=compatible-local -Wformat-security -fno-strict-aliasing -fwrapv -g -g -O2 -flto=auto -ffat-lto-objects -flto=auto -ffat-lto-objects -fstack-protector-strong -Wformat -Werror=format-security -std=c++11 -D_GLIBCXX_USE_CXX11_ABI=0 -fPIC -fvisibility=hidden -fvisibility-inlines-hidden -I. -I./ -I/usr/include/postgresql/16/server -I/usr/include/postgresql/internal  -Wdate-time -D_FORTIFY_SOURCE=2 -D_GNU_SOURCE -I/usr/include/libxml2   -c -o sqlite3_api_wrapper.o sqlite3_api_wrapper.cpp
gcc -Wall -Wmissing-prototypes -Wpointer-arith -Wdeclaration-after-statement -Werror=vla -Wendif-labels -Wmissing-format-attribute -Wimplicit-fallthrough=3 -Wcast-function-type -Wshadow=compatible-local -Wformat-security -fno-strict-aliasing -fwrapv -fexcess-precision=standard -Wno-format-truncation -Wno-stringop-truncation -g -g -O2 -flto=auto -ffat-lto-objects -flto=auto -ffat-lto-objects -fstack-protector-strong -Wformat -Werror=format-security -fno-omit-frame-pointer -fPIC -fvisibility=hidden -shared -o duckdb_fdw.so connection.o option.o deparse.o sqlite_query.o duckdb_fdw.o sqlite3_api_wrapper.o -L/usr/lib/x86_64-linux-gnu  -Wl,-Bsymbolic-functions -flto=auto -ffat-lto-objects -flto=auto -Wl,-z,relro -Wl,-z,now -L/usr/lib/llvm-15/lib  -Wl,--as-needed -fvisibility=hidden -lduckdb -lstdc++
/usr/bin/clang-15 -Wno-ignored-attributes -fno-strict-aliasing -fwrapv -Xclang -no-opaque-pointers -Wno-unused-command-line-argument -Wno-compound-token-split-by-macro -O2  -I. -I./ -I/usr/include/postgresql/16/server -I/usr/include/postgresql/internal  -Wdate-time -D_FORTIFY_SOURCE=2 -D_GNU_SOURCE -I/usr/include/libxml2  -flto=thin -emit-llvm -c -o connection.bc connection.c
/usr/bin/clang-15 -Wno-ignored-attributes -fno-strict-aliasing -fwrapv -Xclang -no-opaque-pointers -Wno-unused-command-line-argument -Wno-compound-token-split-by-macro -O2  -I. -I./ -I/usr/include/postgresql/16/server -I/usr/include/postgresql/internal  -Wdate-time -D_FORTIFY_SOURCE=2 -D_GNU_SOURCE -I/usr/include/libxml2  -flto=thin -emit-llvm -c -o option.bc option.c
/usr/bin/clang-15 -Wno-ignored-attributes -fno-strict-aliasing -fwrapv -Xclang -no-opaque-pointers -Wno-unused-command-line-argument -Wno-compound-token-split-by-macro -O2  -I. -I./ -I/usr/include/postgresql/16/server -I/usr/include/postgresql/internal  -Wdate-time -D_FORTIFY_SOURCE=2 -D_GNU_SOURCE -I/usr/include/libxml2  -flto=thin -emit-llvm -c -o deparse.bc deparse.c
/usr/bin/clang-15 -Wno-ignored-attributes -fno-strict-aliasing -fwrapv -Xclang -no-opaque-pointers -Wno-unused-command-line-argument -Wno-compound-token-split-by-macro -O2  -I. -I./ -I/usr/include/postgresql/16/server -I/usr/include/postgresql/internal  -Wdate-time -D_FORTIFY_SOURCE=2 -D_GNU_SOURCE -I/usr/include/libxml2  -flto=thin -emit-llvm -c -o sqlite_query.bc sqlite_query.c
/usr/bin/clang-15 -Wno-ignored-attributes -fno-strict-aliasing -fwrapv -Xclang -no-opaque-pointers -Wno-unused-command-line-argument -Wno-compound-token-split-by-macro -O2  -I. -I./ -I/usr/include/postgresql/16/server -I/usr/include/postgresql/internal  -Wdate-time -D_FORTIFY_SOURCE=2 -D_GNU_SOURCE -I/usr/include/libxml2  -flto=thin -emit-llvm -c -o duckdb_fdw.bc duckdb_fdw.c
/usr/bin/clang-15 -xc++ -Wno-ignored-attributes -fno-strict-aliasing -fwrapv -Xclang -no-opaque-pointers -O2  -I. -I./ -I/usr/include/postgresql/16/server -I/usr/include/postgresql/internal  -Wdate-time -D_FORTIFY_SOURCE=2 -D_GNU_SOURCE -I/usr/include/libxml2  -flto=thin -emit-llvm -c -o sqlite3_api_wrapper.bc sqlite3_api_wrapper.cpp
/bin/mkdir -p '/usr/lib/postgresql/16/lib'
/bin/mkdir -p '/usr/share/postgresql/16/extension'
/bin/mkdir -p '/usr/share/postgresql/16/extension'
/usr/bin/install -c -m 755  duckdb_fdw.so '/usr/lib/postgresql/16/lib/duckdb_fdw.so'
/usr/bin/install -c -m 644 .//duckdb_fdw.control '/usr/share/postgresql/16/extension/'
/usr/bin/install -c -m 644 .//duckdb_fdw--1.0.0.sql .//duckdb_fdw--1.0.0--1.1.2.sql  '/usr/share/postgresql/16/extension/'
/bin/mkdir -p '/usr/lib/postgresql/16/lib/bitcode/duckdb_fdw'
/bin/mkdir -p '/usr/lib/postgresql/16/lib/bitcode'/duckdb_fdw/
/usr/bin/install -c -m 644 connection.bc '/usr/lib/postgresql/16/lib/bitcode'/duckdb_fdw/./
/usr/bin/install -c -m 644 option.bc '/usr/lib/postgresql/16/lib/bitcode'/duckdb_fdw/./
/usr/bin/install -c -m 644 deparse.bc '/usr/lib/postgresql/16/lib/bitcode'/duckdb_fdw/./
/usr/bin/install -c -m 644 sqlite_query.bc '/usr/lib/postgresql/16/lib/bitcode'/duckdb_fdw/./
/usr/bin/install -c -m 644 duckdb_fdw.bc '/usr/lib/postgresql/16/lib/bitcode'/duckdb_fdw/./
/usr/bin/install -c -m 644 sqlite3_api_wrapper.bc '/usr/lib/postgresql/16/lib/bitcode'/duckdb_fdw/./
cd '/usr/lib/postgresql/16/lib/bitcode' && /usr/lib/llvm-15/bin/llvm-lto -thinlto -thinlto-action=thinlink -o duckdb_fdw.index.bc duckdb_fdw/connection.bc duckdb_fdw/option.bc duckdb_fdw/deparse.bc duckdb_fdw/sqlite_query.bc duckdb_fdw/duckdb_fdw.bc duckdb_fdw/sqlite3_api_wrapper.bc
Copying extension artifacts...
duckdb_fdw installation is complete: Thursday 21 November 2024 11:11:22 AM IST
Logs saved to install_duckdb_fdw.log
